{"/Users/andrewbruckman/complete-intro-to-react/js/search.js": {"path":"/Users/andrewbruckman/complete-intro-to-react/js/search.js","statementMap":{"0":{"start":{"line":5,"column":15},"end":{"line":35,"column":2}},"1":{"start":{"line":7,"column":4},"end":{"line":9,"column":5}},"2":{"start":{"line":12,"column":4},"end":{"line":12,"column":51}},"3":{"start":{"line":15,"column":4},"end":{"line":33,"column":5}},"4":{"start":{"line":24,"column":12},"end":{"line":24,"column":118}},"5":{"start":{"line":27,"column":12},"end":{"line":29,"column":13}}},"fnMap":{"0":{"name":"(anonymous_0)","decl":{"start":{"line":23,"column":18},"end":{"line":23,"column":19}},"loc":{"start":{"line":23,"column":28},"end":{"line":25,"column":11}}},"1":{"name":"(anonymous_1)","decl":{"start":{"line":26,"column":15},"end":{"line":26,"column":16}},"loc":{"start":{"line":26,"column":25},"end":{"line":30,"column":11}}}},"branchMap":{},"s":{"0":1,"1":3,"2":1,"3":4,"4":84,"5":65},"f":{"0":84,"1":65},"b":{},"_coverageSchema":"332fd63041d2c1bcb487cc26dd0d5f7d97098a6c","hash":"278524f6aba684119b45181ed2261a44384ea962"}
,"/Users/andrewbruckman/complete-intro-to-react/js/showCard.js": {"path":"/Users/andrewbruckman/complete-intro-to-react/js/showCard.js","statementMap":{"0":{"start":{"line":2,"column":19},"end":{"line":2,"column":34}},"1":{"start":{"line":4,"column":17},"end":{"line":22,"column":2}},"2":{"start":{"line":12,"column":47},"end":{"line":12,"column":57}},"3":{"start":{"line":13,"column":4},"end":{"line":20,"column":5}}},"fnMap":{},"branchMap":{},"s":{"0":2,"1":2,"2":1,"3":1},"f":{},"b":{},"_coverageSchema":"332fd63041d2c1bcb487cc26dd0d5f7d97098a6c","hash":"ad2bb39f5290783675afba07493c17ee368eac40"}
}
