{"/Users/andrewbruckman/complete-intro-to-react/js/actionCreators.js": {"path":"/Users/andrewbruckman/complete-intro-to-react/js/actionCreators.js","statementMap":{"0":{"start":{"line":5,"column":2},"end":{"line":5,"column":56}},"1":{"start":{"line":9,"column":2},"end":{"line":9,"column":50}},"2":{"start":{"line":13,"column":2},"end":{"line":18,"column":3}},"3":{"start":{"line":14,"column":4},"end":{"line":17,"column":60}},"4":{"start":{"line":15,"column":6},"end":{"line":15,"column":32}},"5":{"start":{"line":16,"column":6},"end":{"line":16,"column":50}},"6":{"start":{"line":17,"column":24},"end":{"line":17,"column":59}}},"fnMap":{"0":{"name":"setSearchTerm","decl":{"start":{"line":4,"column":16},"end":{"line":4,"column":29}},"loc":{"start":{"line":4,"column":43},"end":{"line":6,"column":1}}},"1":{"name":"addOMDBData","decl":{"start":{"line":8,"column":16},"end":{"line":8,"column":27}},"loc":{"start":{"line":8,"column":47},"end":{"line":10,"column":1}}},"2":{"name":"getOMDBDetails","decl":{"start":{"line":12,"column":16},"end":{"line":12,"column":30}},"loc":{"start":{"line":12,"column":40},"end":{"line":19,"column":1}}},"3":{"name":"(anonymous_3)","decl":{"start":{"line":13,"column":9},"end":{"line":13,"column":10}},"loc":{"start":{"line":13,"column":39},"end":{"line":18,"column":3}}},"4":{"name":"(anonymous_4)","decl":{"start":{"line":14,"column":58},"end":{"line":14,"column":59}},"loc":{"start":{"line":14,"column":72},"end":{"line":17,"column":5}}},"5":{"name":"(anonymous_5)","decl":{"start":{"line":17,"column":13},"end":{"line":17,"column":14}},"loc":{"start":{"line":17,"column":24},"end":{"line":17,"column":59}}}},"branchMap":{},"s":{"0":1,"1":0,"2":0,"3":0,"4":0,"5":0,"6":0},"f":{"0":1,"1":0,"2":0,"3":0,"4":0,"5":0},"b":{},"_coverageSchema":"332fd63041d2c1bcb487cc26dd0d5f7d97098a6c","hash":"361973c0b849246a08fa1b7dabf4b30caa6223f2"}
,"/Users/andrewbruckman/complete-intro-to-react/js/actions.js": {"path":"/Users/andrewbruckman/complete-intro-to-react/js/actions.js","statementMap":{"0":{"start":{"line":1,"column":31},"end":{"line":1,"column":48}},"1":{"start":{"line":2,"column":29},"end":{"line":2,"column":44}}},"fnMap":{},"branchMap":{},"s":{"0":2,"1":2},"f":{},"b":{},"_coverageSchema":"332fd63041d2c1bcb487cc26dd0d5f7d97098a6c","hash":"5e7cac294fa33fcb2497981fe3e18e63fdcb6cf2"}
,"/Users/andrewbruckman/complete-intro-to-react/js/header.js": {"path":"/Users/andrewbruckman/complete-intro-to-react/js/header.js","statementMap":{"0":{"start":{"line":8,"column":4},"end":{"line":8,"column":16}},"1":{"start":{"line":9,"column":4},"end":{"line":9,"column":72}},"2":{"start":{"line":12,"column":4},"end":{"line":12,"column":58}},"3":{"start":{"line":16,"column":4},"end":{"line":24,"column":5}},"4":{"start":{"line":17,"column":6},"end":{"line":17,"column":129}},"5":{"start":{"line":19,"column":6},"end":{"line":23,"column":7}},"6":{"start":{"line":25,"column":4},"end":{"line":34,"column":5}},"7":{"start":{"line":38,"column":29},"end":{"line":38,"column":44}},"8":{"start":{"line":40,"column":0},"end":{"line":44,"column":1}},"9":{"start":{"line":46,"column":24},"end":{"line":50,"column":1}},"10":{"start":{"line":47,"column":2},"end":{"line":49,"column":3}}},"fnMap":{"0":{"name":"(anonymous_0)","decl":{"start":{"line":7,"column":2},"end":{"line":7,"column":3}},"loc":{"start":{"line":7,"column":22},"end":{"line":10,"column":3}}},"1":{"name":"(anonymous_1)","decl":{"start":{"line":11,"column":2},"end":{"line":11,"column":3}},"loc":{"start":{"line":11,"column":33},"end":{"line":13,"column":3}}},"2":{"name":"(anonymous_2)","decl":{"start":{"line":14,"column":2},"end":{"line":14,"column":3}},"loc":{"start":{"line":14,"column":12},"end":{"line":35,"column":3}}},"3":{"name":"(anonymous_3)","decl":{"start":{"line":46,"column":24},"end":{"line":46,"column":25}},"loc":{"start":{"line":46,"column":35},"end":{"line":50,"column":1}}}},"branchMap":{"0":{"loc":{"start":{"line":16,"column":4},"end":{"line":24,"column":5}},"type":"if","locations":[{"start":{"line":16,"column":4},"end":{"line":24,"column":5}},{"start":{"line":16,"column":4},"end":{"line":24,"column":5}}]}},"s":{"0":1,"1":1,"2":0,"3":1,"4":1,"5":0,"6":1,"7":1,"8":1,"9":1,"10":1},"f":{"0":1,"1":0,"2":1,"3":1},"b":{"0":[1,0]},"_coverageSchema":"332fd63041d2c1bcb487cc26dd0d5f7d97098a6c","hash":"a3ac3d1fd7e57f3621b8be0ccec4d18158c107fc"}
,"/Users/andrewbruckman/complete-intro-to-react/js/reducers.js": {"path":"/Users/andrewbruckman/complete-intro-to-react/js/reducers.js","statementMap":{"0":{"start":{"line":3,"column":22},"end":{"line":6,"column":1}},"1":{"start":{"line":8,"column":22},"end":{"line":12,"column":1}},"2":{"start":{"line":9,"column":19},"end":{"line":9,"column":21}},"3":{"start":{"line":10,"column":2},"end":{"line":10,"column":65}},"4":{"start":{"line":11,"column":2},"end":{"line":11,"column":17}},"5":{"start":{"line":14,"column":20},"end":{"line":20,"column":1}},"6":{"start":{"line":15,"column":22},"end":{"line":15,"column":24}},"7":{"start":{"line":16,"column":2},"end":{"line":16,"column":80}},"8":{"start":{"line":17,"column":19},"end":{"line":17,"column":21}},"9":{"start":{"line":18,"column":2},"end":{"line":18,"column":57}},"10":{"start":{"line":19,"column":2},"end":{"line":19,"column":17}},"11":{"start":{"line":22,"column":20},"end":{"line":31,"column":1}},"12":{"start":{"line":23,"column":2},"end":{"line":30,"column":3}},"13":{"start":{"line":25,"column":6},"end":{"line":25,"column":41}},"14":{"start":{"line":27,"column":6},"end":{"line":27,"column":39}},"15":{"start":{"line":29,"column":6},"end":{"line":29,"column":18}}},"fnMap":{"0":{"name":"(anonymous_0)","decl":{"start":{"line":8,"column":22},"end":{"line":8,"column":23}},"loc":{"start":{"line":8,"column":41},"end":{"line":12,"column":1}}},"1":{"name":"(anonymous_1)","decl":{"start":{"line":14,"column":20},"end":{"line":14,"column":21}},"loc":{"start":{"line":14,"column":39},"end":{"line":20,"column":1}}},"2":{"name":"(anonymous_2)","decl":{"start":{"line":22,"column":20},"end":{"line":22,"column":21}},"loc":{"start":{"line":22,"column":55},"end":{"line":31,"column":1}}}},"branchMap":{"0":{"loc":{"start":{"line":22,"column":21},"end":{"line":22,"column":42}},"type":"default-arg","locations":[{"start":{"line":22,"column":29},"end":{"line":22,"column":42}}]},"1":{"loc":{"start":{"line":23,"column":2},"end":{"line":30,"column":3}},"type":"switch","locations":[{"start":{"line":24,"column":4},"end":{"line":25,"column":41}},{"start":{"line":26,"column":4},"end":{"line":27,"column":39}},{"start":{"line":28,"column":4},"end":{"line":29,"column":18}}]}},"s":{"0":2,"1":2,"2":2,"3":2,"4":2,"5":2,"6":1,"7":1,"8":1,"9":1,"10":1,"11":2,"12":5,"13":2,"14":1,"15":2},"f":{"0":2,"1":1,"2":5},"b":{"0":[2],"1":[2,1,2]},"_coverageSchema":"332fd63041d2c1bcb487cc26dd0d5f7d97098a6c","hash":"10f1cbdba12669bdd67d266c61eb716ac8daed1f"}
,"/Users/andrewbruckman/complete-intro-to-react/js/search.js": {"path":"/Users/andrewbruckman/complete-intro-to-react/js/search.js","statementMap":{"0":{"start":{"line":6,"column":33},"end":{"line":6,"column":48}},"1":{"start":{"line":8,"column":15},"end":{"line":34,"column":2}},"2":{"start":{"line":17,"column":4},"end":{"line":32,"column":5}},"3":{"start":{"line":23,"column":12},"end":{"line":23,"column":118}},"4":{"start":{"line":26,"column":12},"end":{"line":28,"column":13}},"5":{"start":{"line":36,"column":24},"end":{"line":40,"column":1}},"6":{"start":{"line":37,"column":2},"end":{"line":39,"column":3}},"7":{"start":{"line":42,"column":25},"end":{"line":42,"column":31}}},"fnMap":{"0":{"name":"(anonymous_0)","decl":{"start":{"line":22,"column":18},"end":{"line":22,"column":19}},"loc":{"start":{"line":22,"column":28},"end":{"line":24,"column":11}}},"1":{"name":"(anonymous_1)","decl":{"start":{"line":25,"column":15},"end":{"line":25,"column":16}},"loc":{"start":{"line":25,"column":25},"end":{"line":29,"column":11}}},"2":{"name":"(anonymous_2)","decl":{"start":{"line":36,"column":24},"end":{"line":36,"column":25}},"loc":{"start":{"line":36,"column":35},"end":{"line":40,"column":1}}}},"branchMap":{},"s":{"0":1,"1":1,"2":3,"3":63,"4":44,"5":1,"6":1,"7":1},"f":{"0":63,"1":44,"2":1},"b":{},"_coverageSchema":"332fd63041d2c1bcb487cc26dd0d5f7d97098a6c","hash":"51dda7f9955798c1653137f58d2eef4312dc9185"}
,"/Users/andrewbruckman/complete-intro-to-react/js/showCard.js": {"path":"/Users/andrewbruckman/complete-intro-to-react/js/showCard.js","statementMap":{"0":{"start":{"line":2,"column":19},"end":{"line":2,"column":34}},"1":{"start":{"line":5,"column":17},"end":{"line":26,"column":2}},"2":{"start":{"line":14,"column":55},"end":{"line":14,"column":65}},"3":{"start":{"line":15,"column":4},"end":{"line":24,"column":5}}},"fnMap":{},"branchMap":{},"s":{"0":2,"1":2,"2":3,"3":3},"f":{},"b":{},"_coverageSchema":"332fd63041d2c1bcb487cc26dd0d5f7d97098a6c","hash":"66560a95903d44e47f943cb3b2265d25fbeb44be"}
,"/Users/andrewbruckman/complete-intro-to-react/js/store.js": {"path":"/Users/andrewbruckman/complete-intro-to-react/js/store.js","statementMap":{"0":{"start":{"line":5,"column":14},"end":{"line":8,"column":2}},"1":{"start":{"line":7,"column":109},"end":{"line":7,"column":110}}},"fnMap":{"0":{"name":"(anonymous_0)","decl":{"start":{"line":7,"column":102},"end":{"line":7,"column":103}},"loc":{"start":{"line":7,"column":109},"end":{"line":7,"column":110}}}},"branchMap":{"0":{"loc":{"start":{"line":7,"column":2},"end":{"line":7,"column":110}},"type":"cond-expr","locations":[{"start":{"line":7,"column":73},"end":{"line":7,"column":99}},{"start":{"line":7,"column":102},"end":{"line":7,"column":110}}]},"1":{"loc":{"start":{"line":7,"column":2},"end":{"line":7,"column":70}},"type":"binary-expr","locations":[{"start":{"line":7,"column":2},"end":{"line":7,"column":28}},{"start":{"line":7,"column":32},"end":{"line":7,"column":70}}]}},"s":{"0":1,"1":1},"f":{"0":1},"b":{"0":[0,1],"1":[1,1]},"_coverageSchema":"332fd63041d2c1bcb487cc26dd0d5f7d97098a6c","hash":"a2f2533feab94afa3aac3f116662babe212eba4a"}
}
