TN:
SF:/Users/andrewbruckman/complete-intro-to-react/js/actionCreators.js
FN:4,setSearchTerm
FN:8,addOMDBData
FN:12,getOMDBDetails
FN:13,(anonymous_3)
FN:14,(anonymous_4)
FN:17,(anonymous_5)
FNF:6
FNH:1
FNDA:1,setSearchTerm
FNDA:0,addOMDBData
FNDA:0,getOMDBDetails
FNDA:0,(anonymous_3)
FNDA:0,(anonymous_4)
FNDA:0,(anonymous_5)
DA:5,1
DA:9,0
DA:13,0
DA:14,0
DA:15,0
DA:16,0
DA:17,0
LF:7
LH:1
BRF:0
BRH:0
end_of_record
TN:
SF:/Users/andrewbruckman/complete-intro-to-react/js/actions.js
FNF:0
FNH:0
DA:1,2
DA:2,2
LF:2
LH:2
BRF:0
BRH:0
end_of_record
TN:
SF:/Users/andrewbruckman/complete-intro-to-react/js/header.js
FN:7,(anonymous_0)
FN:11,(anonymous_1)
FN:14,(anonymous_2)
FN:46,(anonymous_3)
FNF:4
FNH:3
FNDA:1,(anonymous_0)
FNDA:0,(anonymous_1)
FNDA:1,(anonymous_2)
FNDA:1,(anonymous_3)
DA:8,1
DA:9,1
DA:12,0
DA:16,1
DA:17,1
DA:19,0
DA:25,1
DA:38,1
DA:40,1
DA:46,1
DA:47,1
LF:11
LH:9
BRDA:16,0,0,1
BRDA:16,0,1,0
BRF:2
BRH:1
end_of_record
TN:
SF:/Users/andrewbruckman/complete-intro-to-react/js/reducers.js
FN:8,(anonymous_0)
FN:14,(anonymous_1)
FN:22,(anonymous_2)
FNF:3
FNH:3
FNDA:2,(anonymous_0)
FNDA:1,(anonymous_1)
FNDA:5,(anonymous_2)
DA:3,2
DA:8,2
DA:9,2
DA:10,2
DA:11,2
DA:14,2
DA:15,1
DA:16,1
DA:17,1
DA:18,1
DA:19,1
DA:22,2
DA:23,5
DA:25,2
DA:27,1
DA:29,2
LF:16
LH:16
BRDA:22,0,0,2
BRDA:23,1,0,2
BRDA:23,1,1,1
BRDA:23,1,2,2
BRF:4
BRH:4
end_of_record
TN:
SF:/Users/andrewbruckman/complete-intro-to-react/js/search.js
FN:22,(anonymous_0)
FN:25,(anonymous_1)
FN:36,(anonymous_2)
FNF:3
FNH:3
FNDA:63,(anonymous_0)
FNDA:44,(anonymous_1)
FNDA:1,(anonymous_2)
DA:6,1
DA:8,1
DA:17,3
DA:23,63
DA:26,44
DA:36,1
DA:37,1
DA:42,1
LF:8
LH:8
BRF:0
BRH:0
end_of_record
TN:
SF:/Users/andrewbruckman/complete-intro-to-react/js/showCard.js
FNF:0
FNH:0
DA:2,2
DA:5,2
DA:14,3
DA:15,3
LF:4
LH:4
BRF:0
BRH:0
end_of_record
TN:
SF:/Users/andrewbruckman/complete-intro-to-react/js/store.js
FN:7,(anonymous_0)
FNF:1
FNH:1
FNDA:1,(anonymous_0)
DA:5,1
DA:7,1
LF:2
LH:2
BRDA:7,0,0,0
BRDA:7,0,1,1
BRDA:7,1,0,1
BRDA:7,1,1,1
BRF:4
BRH:3
end_of_record
